
Checking basic system...
-------------------------------------------------------------------------------
Shell:       bash
Host:        cn40
OS:          Linux version 4.18.0-425.3.1.el8.x86_64

System check: PASS
==================
Can continue to OpenFOAM installation.

Making dependencies: mypisoFoam_AR2_In10.C
g++ -std=c++14 -m64 -pthread -DOPENFOAM=2312 -DWM_DP -DWM_LABEL_SIZE=32 -Wall -Wextra -Wold-style-cast -Wnon-virtual-dtor -Wno-unused-parameter -Wno-invalid-offsetof -Wno-attributes -Wno-unknown-pragmas -O3  -DNoRepository -ftemplate-depth-100  -I/home2/golubd1b/malekia/OpenFoam/OpenFOAM-v2312/src/finiteVolume/lnInclude -I/home2/golubd1b/malekia/OpenFoam/OpenFOAM-v2312/src/meshTools/lnInclude -I/home2/golubd1b/malekia/OpenFoam/OpenFOAM-v2312/src/sampling/lnInclude -I/home2/golubd1b/malekia/OpenFoam/OpenFOAM-v2312/src/TurbulenceModels/turbulenceModels/lnInclude -I/home2/golubd1b/malekia/OpenFoam/OpenFOAM-v2312/src/TurbulenceModels/incompressible/lnInclude -I/home2/golubd1b/malekia/OpenFoam/OpenFOAM-v2312/src/transportModels -I/home2/golubd1b/malekia/OpenFoam/OpenFOAM-v2312/src/transportModels/incompressible/singlePhaseTransportModel -iquote. -IlnInclude -I/home2/golubd1b/malekia/OpenFoam/OpenFOAM-v2312/src/OpenFOAM/lnInclude -I/home2/golubd1b/malekia/OpenFoam/OpenFOAM-v2312/src/OSspecific/POSIX/lnInclude   -fPIC -c mypisoFoam_AR2_In10.C -o /home2/golubd1b/malekia/OpenFoam/OpenFOAM-v2312/build/linux64GccDPInt32Opt/applications/solvers/incompressible/mypisoFoam_AR2_In10/mypisoFoam_AR2_In10.o
g++ -std=c++14 -m64 -pthread -DOPENFOAM=2312 -DWM_DP -DWM_LABEL_SIZE=32 -Wall -Wextra -Wold-style-cast -Wnon-virtual-dtor -Wno-unused-parameter -Wno-invalid-offsetof -Wno-attributes -Wno-unknown-pragmas -O3  -DNoRepository -ftemplate-depth-100  -I/home2/golubd1b/malekia/OpenFoam/OpenFOAM-v2312/src/finiteVolume/lnInclude -I/home2/golubd1b/malekia/OpenFoam/OpenFOAM-v2312/src/meshTools/lnInclude -I/home2/golubd1b/malekia/OpenFoam/OpenFOAM-v2312/src/sampling/lnInclude -I/home2/golubd1b/malekia/OpenFoam/OpenFOAM-v2312/src/TurbulenceModels/turbulenceModels/lnInclude -I/home2/golubd1b/malekia/OpenFoam/OpenFOAM-v2312/src/TurbulenceModels/incompressible/lnInclude -I/home2/golubd1b/malekia/OpenFoam/OpenFOAM-v2312/src/transportModels -I/home2/golubd1b/malekia/OpenFoam/OpenFOAM-v2312/src/transportModels/incompressible/singlePhaseTransportModel -iquote. -IlnInclude -I/home2/golubd1b/malekia/OpenFoam/OpenFOAM-v2312/src/OpenFOAM/lnInclude -I/home2/golubd1b/malekia/OpenFoam/OpenFOAM-v2312/src/OSspecific/POSIX/lnInclude   -fPIC -Xlinker --add-needed -Xlinker --no-as-needed  /home2/golubd1b/malekia/OpenFoam/OpenFOAM-v2312/build/linux64GccDPInt32Opt/applications/solvers/incompressible/mypisoFoam_AR2_In10/mypisoFoam_AR2_In10.o -L/home2/golubd1b/malekia/OpenFoam/OpenFOAM-v2312/platforms/linux64GccDPInt32Opt/lib \
    -lfiniteVolume -lfvOptions -lmeshTools -lsampling -lturbulenceModels -lincompressibleTurbulenceModels -lincompressibleTransportModels -lOpenFOAM -ldl  \
     -lm -o /home2/golubd1b/malekia/OpenFoam/OpenFOAM-v2312/platforms/linux64GccDPInt32Opt/bin/mypisoFoam_AR2_In10

Usage: mypisoFoam_AR2_In10 [OPTIONS]
Options:
  -case <dir>       Case directory (instead of current directory)
  -decomposeParDict <file>
                    Alternative decomposePar dictionary file
  -dry-run          Check case set-up only using a single time step
  -dry-run-write    Check case set-up and write only using a single time step
  -parallel         Run in parallel
  -postProcess      Execute functionObjects only
  -doc              Display documentation in browser
  -help             Display short help and exit
  -help-full        Display full help and exit

Transient solver for incompressible, turbulent flow, using the PISO algorithm.

Using: OpenFOAM-v2312 (2312) - visit www.openfoam.com
Build: _1d8f0d55f7-20231221
Arch:  LSB;label=32;scalar=64

